  Installing vcpkg dependencies to C:\Users\user\Desktop\프로젝트\SEMES_CAR\SEMES_CAR\vcpkg_installed\x64-windows\
  "C:\vc\vcpkg\vcpkg.exe" install  --x-wait-for-lock --triplet "x64-windows" --vcpkg-root "C:\vc\vcpkg\\" "--x-manifest-root=C:\Users\user\Desktop\프로젝트\SEMES_CAR\SEMES_CAR\\" "--x-install-root=C:\Users\user\Desktop\프로젝트\SEMES_CAR\SEMES_CAR\vcpkg_installed\x64-windows\\" 
  https://github.com/microsoft/vcpkg(HEAD)에서 레지스트리 정보를 가져오는 중...
  삼중항 x64-windows에 대한 컴파일러 해시 감지 중...
  컴파일러 찾음: C:/Program Files/Microsoft Visual Studio/2022/Professional/VC/Tools/MSVC/14.43.34808/bin/Hostx64/x64/cl.exe
  빌드 및 설치할 패키지:
    * boost-algorithm:x64-windows@1.87.0 -- C:\Users\user\AppData\Local\vcpkg\registries\git-trees\5fbb87958d9c33b5d6f53e63448f888655440619
    * boost-align:x64-windows@1.87.0 -- C:\Users\user\AppData\Local\vcpkg\registries\git-trees\e68b618a2cd8faa62bdb7512b8fb9026f66bccab
    * boost-array:x64-windows@1.87.0 -- C:\Users\user\AppData\Local\vcpkg\registries\git-trees\f274e18afc3061867f5b6e0a2432bcb172523aa6
      boost-asio:x64-windows@1.87.0#1 -- C:\Users\user\AppData\Local\vcpkg\registries\git-trees\05c6ddb5e69d7b3397822f72d7b582757e0f8dd7
    * boost-assert:x64-windows@1.87.0 -- C:\Users\user\AppData\Local\vcpkg\registries\git-trees\82ba984fd01dc6d68d95f53429b831d9374c91be
    * boost-bind:x64-windows@1.87.0 -- C:\Users\user\AppData\Local\vcpkg\registries\git-trees\df485ff721084787adfea9d99a3ed7f8019b8bd8
    * boost-cmake:x64-windows@1.87.0 -- C:\Users\user\AppData\Local\vcpkg\registries\git-trees\505ce95a9945e5733f94e90fc683c13b6f6b7457
    * boost-concept-check:x64-windows@1.87.0 -- C:\Users\user\AppData\Local\vcpkg\registries\git-trees\0a3ddd0539fd3000331ac43db3fd6c11d3338ff8
    * boost-config:x64-windows@1.87.0 -- C:\Users\user\AppData\Local\vcpkg\registries\git-trees\2836a1f20087838a8254b7d6a4f91a59fe4fb53b
    * boost-container:x64-windows@1.87.0 -- C:\Users\user\AppData\Local\vcpkg\registries\git-trees\9ce8e6d6ddea731693f35c1f3d7f5a77b3826fbb
    * boost-container-hash:x64-windows@1.87.0 -- C:\Users\user\AppData\Local\vcpkg\registries\git-trees\26e7cbd4b49c70c51a0a8a99c6e97f894e238f44
    * boost-context:x64-windows@1.87.0#1 -- C:\Users\user\AppData\Local\vcpkg\registries\git-trees\41dfcdb2574b9d0f36ee932fabc31bf3f0499a99
    * boost-conversion:x64-windows@1.87.0 -- C:\Users\user\AppData\Local\vcpkg\registries\git-trees\bb7a19c1745907812b385e1e6a6a31705409e78d
    * boost-core:x64-windows@1.87.0 -- C:\Users\user\AppData\Local\vcpkg\registries\git-trees\71a0f4b6ce5bad6dbe12494d93d803e5aee03dca
    * boost-date-time:x64-windows@1.87.0 -- C:\Users\user\AppData\Local\vcpkg\registries\git-trees\3c39184e47fc3b98f24db45892240eefc4c6a03f
    * boost-describe:x64-windows@1.87.0 -- C:\Users\user\AppData\Local\vcpkg\registries\git-trees\12c35f33197b818aefc22b3c5c7ddd11fa0ca18d
    * boost-detail:x64-windows@1.87.0 -- C:\Users\user\AppData\Local\vcpkg\registries\git-trees\177e493478ca855538e2ba2d74db157168a0a92d
    * boost-exception:x64-windows@1.87.0 -- C:\Users\user\AppData\Local\vcpkg\registries\git-trees\e98b1b931df90dd5d25c28910815e9b17b83a2bf
    * boost-function:x64-windows@1.87.0 -- C:\Users\user\AppData\Local\vcpkg\registries\git-trees\d5e6a6034a45067c02e51b4ee6808e48e8e51d2b
    * boost-function-types:x64-windows@1.87.0 -- C:\Users\user\AppData\Local\vcpkg\registries\git-trees\3cb3d8dbaaf5d4a17dc611f0a97ea399413e336a
    * boost-functional:x64-windows@1.87.0 -- C:\Users\user\AppData\Local\vcpkg\registries\git-trees\c79b9680e38dd27a0979e2b636cf87f616b06215
    * boost-fusion:x64-windows@1.87.0 -- C:\Users\user\AppData\Local\vcpkg\registries\git-trees\36b8a6066c35c7a98bc09e109300014c3aa441a1
    * boost-headers:x64-windows@1.87.0 -- C:\Users\user\AppData\Local\vcpkg\registries\git-trees\9fd041af7c0fe69b8048faf83ef3ee22eae4c1d5
    * boost-integer:x64-windows@1.87.0 -- C:\Users\user\AppData\Local\vcpkg\registries\git-trees\85daf4d9f0176a39d09b9fd521edd223ecb098c2
    * boost-intrusive:x64-windows@1.87.0 -- C:\Users\user\AppData\Local\vcpkg\registries\git-trees\543b1bdd8a5e50c2970fca90fa0742f22aa3187c
    * boost-io:x64-windows@1.87.0 -- C:\Users\user\AppData\Local\vcpkg\registries\git-trees\64fbc4e1f42d61e37d5e152012e3c7b3ef7e359d
    * boost-iterator:x64-windows@1.87.0 -- C:\Users\user\AppData\Local\vcpkg\registries\git-trees\5dc5136e9ababa4323919a8801c4bbd9fbb74122
    * boost-lexical-cast:x64-windows@1.87.0#1 -- C:\Users\user\AppData\Local\vcpkg\registries\git-trees\6bd8ac437eb3b4a61ce0c8b0c3397c16d1cc1ee1
    * boost-move:x64-windows@1.87.0 -- C:\Users\user\AppData\Local\vcpkg\registries\git-trees\89ae8c8befe60f613693a29571a88c1e27db474e
    * boost-mp11:x64-windows@1.87.0 -- C:\Users\user\AppData\Local\vcpkg\registries\git-trees\bc1b2e78d6867f2aed28c4e7362b60d0149308f9
    * boost-mpl:x64-windows@1.87.0 -- C:\Users\user\AppData\Local\vcpkg\registries\git-trees\bc39d9de88b525e7f4fb5f1e9da5cc5acdee7aab
    * boost-numeric-conversion:x64-windows@1.87.0 -- C:\Users\user\AppData\Local\vcpkg\registries\git-trees\383b718f507081bc65d72ba2aee6932eed881e45
    * boost-optional:x64-windows@1.87.0#1 -- C:\Users\user\AppData\Local\vcpkg\registries\git-trees\fe57251855d60463135bebf003e322373662baa4
    * boost-pool:x64-windows@1.87.0 -- C:\Users\user\AppData\Local\vcpkg\registries\git-trees\2d1d41a831cc0d2fe7cd4431421f68a79ceaa1c1
    * boost-predef:x64-windows@1.87.0 -- C:\Users\user\AppData\Local\vcpkg\registries\git-trees\b03d87958b87d7b6a214a2b92327db0b780e2ed3
    * boost-preprocessor:x64-windows@1.87.0 -- C:\Users\user\AppData\Local\vcpkg\registries\git-trees\e3380f553a2a9a50aa95639dcb703e13d226ce24
    * boost-range:x64-windows@1.87.0 -- C:\Users\user\AppData\Local\vcpkg\registries\git-trees\9eec0027313670a26d9b3770252f223839f4caaa
    * boost-regex:x64-windows@1.87.0#1 -- C:\Users\user\AppData\Local\vcpkg\registries\git-trees\0016517b443abba2253c0418a5d90fb69507c62f
    * boost-smart-ptr:x64-windows@1.87.0 -- C:\Users\user\AppData\Local\vcpkg\registries\git-trees\5e6365ae738cb18fbe9208f05b442153429dc665
    * boost-static-assert:x64-windows@1.87.0 -- C:\Users\user\AppData\Local\vcpkg\registries\git-trees\4a3601304b3bea0ecd0fbab68a65b1d874467f13
    * boost-system:x64-windows@1.87.0 -- C:\Users\user\AppData\Local\vcpkg\registries\git-trees\da37abf239e674e07a7e5a4ed30b19ab119d5800
    * boost-throw-exception:x64-windows@1.87.0 -- C:\Users\user\AppData\Local\vcpkg\registries\git-trees\4a56dd17aa1fb1a18f50d189593938893ec24386
    * boost-tokenizer:x64-windows@1.87.0 -- C:\Users\user\AppData\Local\vcpkg\registries\git-trees\30bfa8585c66192e1e6eddc5917df7ac3702a488
    * boost-tuple:x64-windows@1.87.0 -- C:\Users\user\AppData\Local\vcpkg\registries\git-trees\742499dcbd56ae28d11af26b2c563cc598732d83
    * boost-type-traits:x64-windows@1.87.0 -- C:\Users\user\AppData\Local\vcpkg\registries\git-trees\9d7ba43b84a0b63ead5148418f9557441060d248
    * boost-typeof:x64-windows@1.87.0 -- C:\Users\user\AppData\Local\vcpkg\registries\git-trees\c4ade6c1f9a40bdcbe45500476fe36fe79d14dc8
    * boost-uninstall:x64-windows@1.87.0 -- C:\Users\user\AppData\Local\vcpkg\registries\git-trees\59deb8f474b417f62e4dea071edc08cfa61048f1
    * boost-unordered:x64-windows@1.87.0#1 -- C:\Users\user\AppData\Local\vcpkg\registries\git-trees\6409ee49a623fa9b3f4cc6b1e6cec7c29dc29d54
    * boost-utility:x64-windows@1.87.0 -- C:\Users\user\AppData\Local\vcpkg\registries\git-trees\0c22f845af30943a807b8bf749b4f88ee472a958
    * boost-variant2:x64-windows@1.87.0 -- C:\Users\user\AppData\Local\vcpkg\registries\git-trees\b4287c93efea644fe67c2304befa231cbc59025c
    * boost-winapi:x64-windows@1.87.0 -- C:\Users\user\AppData\Local\vcpkg\registries\git-trees\9c479ba00f4e2401e518595446748e4394cd9568
      curl[core,non-http,schannel,ssl,sspi]:x64-windows@8.12.1 -- C:\Users\user\AppData\Local\vcpkg\registries\git-trees\faa9e75a688eeb7144584f9a86c014cefffddb98
    * vcpkg-boost:x64-windows@2024-05-15 -- C:\Users\user\AppData\Local\vcpkg\registries\git-trees\aca8ab6ec76d120c4482a629de23cad5ad7e4643
    * vcpkg-cmake:x64-windows@2024-04-23 -- C:\Users\user\AppData\Local\vcpkg\registries\git-trees\e74aa1e8f93278a8e71372f1fa08c3df420eb840
    * vcpkg-cmake-config:x64-windows@2024-05-23 -- C:\Users\user\AppData\Local\vcpkg\registries\git-trees\97a63e4bc1a17422ffe4eff71da53b4b561a7841
    * zlib:x64-windows@1.3.1 -- C:\Users\user\AppData\Local\vcpkg\registries\git-trees\3f05e04b9aededb96786a911a16193cdb711f0c9
  이 작업을 완료하기 위해 추가 패키지(*)가 수정됩니다.
  6 s 후 C:\Users\user\AppData\Local\vcpkg\archives의 패키지 56개를 복원했습니다. 자세한 내용을 보려면 --debug를 사용하세요.
  1/56 vcpkg-cmake-config:x64-windows@2024-05-23을(를) 설치하는 중...
  vcpkg-cmake-config:x64-windows 처리 경과 시간: 2.57 ms
  vcpkg-cmake-config:x64-windows 패키지 ABI: e2a24632940aa73bbe918a1723204d7e49a88bcf1036aa9e9b3ac6d6df4a1051
  2/56 vcpkg-cmake:x64-windows@2024-04-23을(를) 설치하는 중...
  vcpkg-cmake:x64-windows 처리 경과 시간: 3.19 ms
  vcpkg-cmake:x64-windows 패키지 ABI: 1b795a3935993d69fb6c1913490a92dc9b5dcf4c6f94480e7fe4e8af6a9e2448
  3/56 vcpkg-boost:x64-windows@2024-05-15을(를) 설치하는 중...
  vcpkg-boost:x64-windows 처리 경과 시간: 2.99 ms
  vcpkg-boost:x64-windows 패키지 ABI: 3d1302269ac4d28b898f732e6d49dff421a207e1d12f977dedaf6d7975751eb5
  4/56 boost-uninstall:x64-windows@1.87.0을(를) 설치하는 중...
  boost-uninstall:x64-windows 처리 경과 시간: 8.45 ms
  boost-uninstall:x64-windows 패키지 ABI: 74843ff406e4a4cc4127e0921435f86c1d035fbb1c9f20d2d8ad249fe59093cb
  5/56 boost-cmake:x64-windows@1.87.0을(를) 설치하는 중...
  boost-cmake:x64-windows 처리 경과 시간: 8.19 ms
  boost-cmake:x64-windows 패키지 ABI: 18ca93644c212392f88a43e2ba3247257f9457e235e7b82fcd9032634798e878
  6/56 boost-headers:x64-windows@1.87.0을(를) 설치하는 중...
  boost-headers:x64-windows 처리 경과 시간: 8.71 ms
  boost-headers:x64-windows 패키지 ABI: f0fbb214339d5f83a3c40409b7d0b4e7821e1d1cac589469b70833a5ee7c5d7e
  7/56 boost-config:x64-windows@1.87.0을(를) 설치하는 중...
  boost-config:x64-windows 처리 경과 시간: 36.7 ms
  boost-config:x64-windows 패키지 ABI: fcd754e231365069084bc90348cbf2cf0edde51b6f7de1b766f21a75c1bee366
  8/56 boost-assert:x64-windows@1.87.0을(를) 설치하는 중...
  boost-assert:x64-windows 처리 경과 시간: 14.5 ms
  boost-assert:x64-windows 패키지 ABI: 8b1c6cb8ae73ff221ce36acc15584bd74037a2a0ec77912f3991a7ee2cddca1d
  9/56 boost-throw-exception:x64-windows@1.87.0을(를) 설치하는 중...
  boost-throw-exception:x64-windows 처리 경과 시간: 7.44 ms
  boost-throw-exception:x64-windows 패키지 ABI: 249d5bf0725e5ba5f6c18b078d81379c0c3ceed3cb5e866b759ed9d7e94844b9
  10/56 boost-predef:x64-windows@1.87.0을(를) 설치하는 중...
  boost-predef:x64-windows 처리 경과 시간: 24.1 ms
  boost-predef:x64-windows 패키지 ABI: 30e83446a3ce508903df869675d94eccbd47327582089d37c80eff3768bf5d1e
  11/56 boost-winapi:x64-windows@1.87.0을(를) 설치하는 중...
  boost-winapi:x64-windows 처리 경과 시간: 25.7 ms
  boost-winapi:x64-windows 패키지 ABI: e7af01f982ded72c6377135449cf84965f14da82a3e29fbe323ea3f3c0bd2349
  12/56 boost-mp11:x64-windows@1.87.0을(를) 설치하는 중...
  boost-mp11:x64-windows 처리 경과 시간: 8.81 ms
  boost-mp11:x64-windows 패키지 ABI: d1e3c6ae938633f0cd24a5effd3916e609c0f8e68da2b5cb0b55765a10ffc170
  13/56 boost-variant2:x64-windows@1.87.0을(를) 설치하는 중...
  boost-variant2:x64-windows 처리 경과 시간: 10.8 ms
  boost-variant2:x64-windows 패키지 ABI: df3a4526f4a5593976fcd778db7c23f380f1a27b810926c62026d8e6185575ab
  14/56 boost-system:x64-windows@1.87.0을(를) 설치하는 중...
  boost-system:x64-windows 처리 경과 시간: 14.2 ms
  boost-system:x64-windows 패키지 ABI: 38c0e0ece5a0ef754348c4ca63266a7a48ed8bcd2eb9b949e40117cb728116bb
  15/56 boost-static-assert:x64-windows@1.87.0을(를) 설치하는 중...
  boost-static-assert:x64-windows 처리 경과 시간: 8.48 ms
  boost-static-assert:x64-windows 패키지 ABI: 4c6508813003bed2c464cb7c62a99dd6b42e64ed2fb8e1fc9c1c6d55cf7f9d92
  16/56 boost-type-traits:x64-windows@1.87.0을(를) 설치하는 중...
  boost-type-traits:x64-windows 처리 경과 시간: 32.3 ms
  boost-type-traits:x64-windows 패키지 ABI: 6c4900b0cad61d244edd6c1929322bb8ad56dea66d3885d6127f0c081d048b01
  17/56 boost-preprocessor:x64-windows@1.87.0을(를) 설치하는 중...
  boost-preprocessor:x64-windows 처리 경과 시간: 66.5 ms
  boost-preprocessor:x64-windows 패키지 ABI: 7ae461c552035d0a0aceb29f9c7b79c08e56814a7cf700cdb0cfda7b3186111a
  18/56 boost-io:x64-windows@1.87.0을(를) 설치하는 중...
  boost-io:x64-windows 처리 경과 시간: 9.73 ms
  boost-io:x64-windows 패키지 ABI: 84cfc2213d68c7b58a46313cbaa57519588eb577dd5dcf16425606f30d0bde84
  19/56 boost-core:x64-windows@1.87.0을(를) 설치하는 중...
  boost-core:x64-windows 처리 경과 시간: 21 ms
  boost-core:x64-windows 패키지 ABI: 87de2a5c9321f4552cc8efc8905305bf29aa268fe636b805c2c3f3105133a98c
  20/56 boost-utility:x64-windows@1.87.0을(를) 설치하는 중...
  boost-utility:x64-windows 처리 경과 시간: 13.5 ms
  boost-utility:x64-windows 패키지 ABI: 700fb921b62385960fa068e268247970779cfd5dc9de6f8a5086636b9a1bd21f
  21/56 boost-smart-ptr:x64-windows@1.87.0을(를) 설치하는 중...
  boost-smart-ptr:x64-windows 처리 경과 시간: 23.8 ms
  boost-smart-ptr:x64-windows 패키지 ABI: aa5a373a15a317cd3959db19f6988027247a41e733a1e06c77f171f8e14d3537
  22/56 boost-optional:x64-windows@1.87.0#1을(를) 설치하는 중...
  boost-optional:x64-windows 처리 경과 시간: 13.4 ms
  boost-optional:x64-windows 패키지 ABI: e11fc4fc85801c3f3ae4e7fd4828e21c0a1444444cb672f315cce32f19ac1939
  23/56 boost-mpl:x64-windows@1.87.0을(를) 설치하는 중...
  boost-mpl:x64-windows 처리 경과 시간: 146 ms
  boost-mpl:x64-windows 패키지 ABI: e47cbfcd5f520a42ff09d55fe6359a78e22a89440c6f1463c66a8a384f3cd36d
  24/56 boost-typeof:x64-windows@1.87.0을(를) 설치하는 중...
  boost-typeof:x64-windows 처리 경과 시간: 16.7 ms
  boost-typeof:x64-windows 패키지 ABI: 73f8e63a1c3d044a14031be8c5bcfbdae23cddf243d6c241257af0b11310454e
  25/56 boost-tuple:x64-windows@1.87.0을(를) 설치하는 중...
  boost-tuple:x64-windows 처리 경과 시간: 12 ms
  boost-tuple:x64-windows 패키지 ABI: 40630039fa034fa72c97dd7d937e7ffd1f61fc88fd212bb503c2a029e9a822c4
  26/56 boost-detail:x64-windows@1.87.0을(를) 설치하는 중...
  boost-detail:x64-windows 처리 경과 시간: 11.2 ms
  boost-detail:x64-windows 패키지 ABI: b86e3890da82d9d3c115df3b9ea3405dbd6ce0f0d7f259366652b26842f9f746
  27/56 boost-function-types:x64-windows@1.87.0을(를) 설치하는 중...
  boost-function-types:x64-windows 처리 경과 시간: 21.4 ms
  boost-function-types:x64-windows 패키지 ABI: 1bedae2c4ad84819d5e07215170b969b0bdb977b616dd197a76348af3a4c97b8
  28/56 boost-bind:x64-windows@1.87.0을(를) 설치하는 중...
  boost-bind:x64-windows 처리 경과 시간: 19 ms
  boost-bind:x64-windows 패키지 ABI: d43af892d415db2452b0b9e2c947717489d44631467e4fad0e1b41b02a8ce77f
  29/56 boost-function:x64-windows@1.87.0을(를) 설치하는 중...
  boost-function:x64-windows 처리 경과 시간: 12.6 ms
  boost-function:x64-windows 패키지 ABI: c8288a2a234ab51c023c9c62c6aced1207cbddbb802acf4206b1578753e57def
  30/56 boost-functional:x64-windows@1.87.0을(를) 설치하는 중...
  boost-functional:x64-windows 처리 경과 시간: 12.9 ms
  boost-functional:x64-windows 패키지 ABI: d0428ec0cfda575cb93567a41a54fd38d8b6a882ec23b61d815153bff753380c
  31/56 boost-describe:x64-windows@1.87.0을(를) 설치하는 중...
  boost-describe:x64-windows 처리 경과 시간: 18 ms
  boost-describe:x64-windows 패키지 ABI: 84a99152590ecb11d19e99930841ff1c5afd8ecafbd512fb033830f84c07fe5f
  32/56 boost-container-hash:x64-windows@1.87.0을(를) 설치하는 중...
  boost-container-hash:x64-windows 처리 경과 시간: 15.1 ms
  boost-container-hash:x64-windows 패키지 ABI: 19a66b120cc9b475d6602c307c66ffe1cf872a6f5f52449cb184a5b54c33a0a6
  33/56 boost-fusion:x64-windows@1.87.0을(를) 설치하는 중...
  boost-fusion:x64-windows 처리 경과 시간: 132 ms
  boost-fusion:x64-windows 패키지 ABI: 1bc79105083c9c1093369948a283c7dac761a0a29970cda24d6e9d7b65612658
  34/56 boost-concept-check:x64-windows@1.87.0을(를) 설치하는 중...
  boost-concept-check:x64-windows 처리 경과 시간: 19.8 ms
  boost-concept-check:x64-windows 패키지 ABI: 3b5fcec432718808e98e700ce4da6efd3f719f54c5e044527406a697d31cf2d0
  35/56 boost-iterator:x64-windows@1.87.0을(를) 설치하는 중...
  boost-iterator:x64-windows 처리 경과 시간: 16.4 ms
  boost-iterator:x64-windows 패키지 ABI: 0130e57823dcba4327d0c1b620cf5e1b5f71730fedc2d9cebd0d8d3147f9291f
  36/56 boost-tokenizer:x64-windows@1.87.0을(를) 설치하는 중...
  boost-tokenizer:x64-windows 처리 경과 시간: 11.5 ms
  boost-tokenizer:x64-windows 패키지 ABI: 950691bad0a019cd4322c96629ab99403e82e416d4bab91b81aac96ff076c231
  37/56 boost-integer:x64-windows@1.87.0을(를) 설치하는 중...
  boost-integer:x64-windows 처리 경과 시간: 13.6 ms
  boost-integer:x64-windows 패키지 ABI: 88b1429b7bfe7c3bb2a68d3fcfe39a58e43c4dc015bc3786f6fa7b2e5ed25b44
  38/56 boost-regex:x64-windows@1.87.0#1을(를) 설치하는 중...
  boost-regex:x64-windows 처리 경과 시간: 24.1 ms
  boost-regex:x64-windows 패키지 ABI: cce697622a58858c182da1b9e9a48adae88c955fd168e417e62823d6cf860cc8
  39/56 boost-conversion:x64-windows@1.87.0을(를) 설치하는 중...
  boost-conversion:x64-windows 처리 경과 시간: 12.1 ms
  boost-conversion:x64-windows 패키지 ABI: 0bfd72410297b96d97b2abc5219cf16143c1cd79e0edf64f352808bdddfc65ba
  40/56 boost-array:x64-windows@1.87.0을(를) 설치하는 중...
  boost-array:x64-windows 처리 경과 시간: 9.63 ms
  boost-array:x64-windows 패키지 ABI: ed8c5a0b6a5c002c721fbae65c5b50605478b5d4de24fdbb24bd95a1ba9642c9
  41/56 boost-range:x64-windows@1.87.0을(를) 설치하는 중...
  boost-range:x64-windows 처리 경과 시간: 29 ms
  boost-range:x64-windows 패키지 ABI: afd530da542dd2012749a7aee880c5e988e085d99ebae845bcc2d5b9fdb4b363
  42/56 boost-numeric-conversion:x64-windows@1.87.0을(를) 설치하는 중...
  boost-numeric-conversion:x64-windows 처리 경과 시간: 16.7 ms
  boost-numeric-conversion:x64-windows 패키지 ABI: 48958f6e7f20788ffb4176505ebf0ad38b4b0f4f783d615da782fb5facd23936
  43/56 boost-move:x64-windows@1.87.0을(를) 설치하는 중...
  boost-move:x64-windows 처리 경과 시간: 18.1 ms
  boost-move:x64-windows 패키지 ABI: fe1f18e359402e2b195b34e1c1f316184252fe686815db520a3f32ea7a3f8c11
  44/56 boost-intrusive:x64-windows@1.87.0을(를) 설치하는 중...
  boost-intrusive:x64-windows 처리 경과 시간: 16.7 ms
  boost-intrusive:x64-windows 패키지 ABI: 0d0a75860be9c5b7d87142d39675738b4073b1eb79af97f9a20b986437c53832
  45/56 boost-container:x64-windows@1.87.0을(를) 설치하는 중...
  boost-container:x64-windows 처리 경과 시간: 25.4 ms
  boost-container:x64-windows 패키지 ABI: 959799c1ab04eff4b276506b2cc5cd72508049f5ec95e84627a4a088fb9554e3
  46/56 boost-lexical-cast:x64-windows@1.87.0#1을(를) 설치하는 중...
  boost-lexical-cast:x64-windows 처리 경과 시간: 15.2 ms
  boost-lexical-cast:x64-windows 패키지 ABI: 43ee7d85b47165a3981fc0e992740f2742915ee9a8d029469a595756489509e4
  47/56 boost-unordered:x64-windows@1.87.0#1을(를) 설치하는 중...
  boost-unordered:x64-windows 처리 경과 시간: 17.4 ms
  boost-unordered:x64-windows 패키지 ABI: 49b281592e7a2bd71438667d0df761ebf1e51ed51956fd2ef37beb28358baa42
  48/56 boost-exception:x64-windows@1.87.0을(를) 설치하는 중...
  boost-exception:x64-windows 처리 경과 시간: 17 ms
  boost-exception:x64-windows 패키지 ABI: a78686bffcc7fd476a212c135de5e0956f2cf6b314e08791a9d833ee3898f405
  49/56 boost-algorithm:x64-windows@1.87.0을(를) 설치하는 중...
  boost-algorithm:x64-windows 처리 경과 시간: 22.2 ms
  boost-algorithm:x64-windows 패키지 ABI: f9ba1f638081fc46ecaca9f1c268c81c39b2826434b9dd3637bb587e76f4e2c4
  50/56 boost-date-time:x64-windows@1.87.0을(를) 설치하는 중...
  boost-date-time:x64-windows 처리 경과 시간: 18.7 ms
  boost-date-time:x64-windows 패키지 ABI: 9548ff2a9a90dc7c171892a759d02f9ecb8a558dd767428d148049b16410a629
  51/56 boost-pool:x64-windows@1.87.0을(를) 설치하는 중...
  boost-pool:x64-windows 처리 경과 시간: 15.1 ms
  boost-pool:x64-windows 패키지 ABI: c0d76eb62d90e74e086580ac842abe94dff3ca8221f43bfac2ffadd948f100f7
  52/56 boost-context:x64-windows@1.87.0#1을(를) 설치하는 중...
  boost-context:x64-windows 처리 경과 시간: 11.2 ms
  boost-context:x64-windows 패키지 ABI: 4cf6a8b93d2316e76eb4a8e19b0bd7e5b6743724d1f7b82610a3850df15221e2
  53/56 boost-align:x64-windows@1.87.0을(를) 설치하는 중...
  boost-align:x64-windows 처리 경과 시간: 18.7 ms
  boost-align:x64-windows 패키지 ABI: 2e747968b4d80babd7ca06214ef7c3c3321305b58bf58ba8241b5e15a9530a06
  54/56 boost-asio:x64-windows@1.87.0#1을(를) 설치하는 중...
  boost-asio:x64-windows 처리 경과 시간: 76.8 ms
  boost-asio:x64-windows 패키지 ABI: 990f2b7c1dc4ce465aba91b3cffc8b6190aae66a09516ac707fb0e81ab40c8be
  55/56 zlib:x64-windows@1.3.1을(를) 설치하는 중...
  zlib:x64-windows 처리 경과 시간: 13.9 ms
  zlib:x64-windows 패키지 ABI: 482aaa034c3e5139a608dc58bc4a0da6a87e8be0716bad14c7186801df7da70c
  56/56 curl[core,non-http,schannel,ssl,sspi]:x64-windows@8.12.1을(를) 설치하는 중...
  curl:x64-windows 처리 경과 시간: 19.1 ms
  curl:x64-windows 패키지 ABI: 7dc3d1ee0923b0cc18c0d7fb4d81d470aa8b1076f50ed582ce46638cc2353072
  총 설치 시간: 1.3 s
  boost-asio은 CMake 대상을 제공합니다.
  
    # 이 값은 추론적으로 생성되며 올바르지 않을 수 있습니다.
    find_package(boost_asio CONFIG REQUIRED)
    target_link_libraries(main PRIVATE Boost::asio)
  
  curl is compatible with built-in CMake targets:
  
      find_package(CURL REQUIRED)
      target_link_libraries(main PRIVATE CURL::libcurl)
  
  Car.cpp
  older.cpp
  코드를 생성하고 있습니다...
  LINK : C:\Users\user\Desktop\프로젝트\SEMES_CAR\SEMES_CAR\x64\Debug\SEMES_CAR.exe을(를) 찾을 수 없거나 마지막 증분 링크에 의해 빌드되지 않았습니다. 전체 링크를 수행하고 있습니다.
  SEMES_CAR.vcxproj -> C:\Users\user\Desktop\프로젝트\SEMES_CAR\SEMES_CAR\x64\Debug\SEMES_CAR.exe
  'pwsh.exe'은(는) 내부 또는 외부 명령, 실행할 수 있는 프로그램, 또는
  배치 파일이 아닙니다.
