c:\users\user\desktop\semes_car\semes_car\semes_car\x64\debug\vc143.pdb
c:\users\user\desktop\semes_car\semes_car\semes_car\x64\debug\vc143.idb
c:\users\user\desktop\semes_car\semes_car\semes_car\x64\debug\main.obj
c:\users\user\desktop\semes_car\semes_car\semes_car\x64\debug\console.obj
c:\users\user\desktop\semes_car\semes_car\semes_car\x64\debug\truck.obj
c:\users\user\desktop\semes_car\semes_car\semes_car\x64\debug\sedan.obj
c:\users\user\desktop\semes_car\semes_car\semes_car\x64\debug\suv.obj
c:\users\user\desktop\semes_car\semes_car\semes_car\x64\debug\car.obj
c:\users\user\desktop\semes_car\semes_car\semes_car\x64\debug\socket.obj
c:\users\user\desktop\semes_car\semes_car\x64\debug\semes_car.exe
c:\users\user\desktop\semes_car\semes_car\x64\debug\semes_car.pdb
c:\users\user\desktop\semes_car\semes_car\semes_car\x64\debug\semes_car.ilk
c:\users\user\desktop\semes_car\semes_car\semes_car\x64\debug\older.obj
c:\users\user\desktop\semes_car\semes_car\semes_car\x64\debug\semes_car.tlog\cl.command.1.tlog
c:\users\user\desktop\semes_car\semes_car\semes_car\x64\debug\semes_car.tlog\cl.items.tlog
c:\users\user\desktop\semes_car\semes_car\semes_car\x64\debug\semes_car.tlog\cl.read.1.tlog
c:\users\user\desktop\semes_car\semes_car\semes_car\x64\debug\semes_car.tlog\cl.write.1.tlog
c:\users\user\desktop\semes_car\semes_car\semes_car\x64\debug\semes_car.tlog\link.command.1.tlog
c:\users\user\desktop\semes_car\semes_car\semes_car\x64\debug\semes_car.tlog\link.read.1.tlog
c:\users\user\desktop\semes_car\semes_car\semes_car\x64\debug\semes_car.tlog\link.secondary.1.tlog
c:\users\user\desktop\semes_car\semes_car\semes_car\x64\debug\semes_car.tlog\link.write.1.tlog
c:\users\user\desktop\semes_car\semes_car\semes_car\x64\debug\semes_car.tlog\vcpkginstallmanifestx64-windows.read.1u.tlog
